INFO 2014-01-03 04:51:22,946 qtp896693169-17 ru.nic.httpfop.transform.FopTransformer - xsl: 21859 bytes
INFO 2014-01-03 04:51:22,946 qtp896693169-17 ru.nic.httpfop.transform.FopTransformer - fop Transforming...
INFO 2014-01-03 04:51:22,946 qtp896693169-17 ru.nic.httpfop.transform.FopTransformer - Factory
INFO 2014-01-03 04:51:22,962 qtp896693169-17 ru.nic.httpfop.transform.FopTransformer - XSL stream source
INFO 2014-01-03 04:51:22,980 qtp896693169-17 ru.nic.httpfop.transform.FopTransformer - XML stream source
INFO 2014-01-03 04:51:22,980 qtp896693169-17 ru.nic.httpfop.transform.FopTransformer - Transform
INFO 2014-01-03 04:51:23,056 qtp896693169-17 ru.nic.httpfop.transform.FopTransformer - Closing XSL stream source
INFO 2014-01-03 04:51:23,056 qtp896693169-17 ru.nic.httpfop.transform.FopTransformer - Closing XML stream source
INFO 2014-01-03 04:51:23,056 qtp896693169-17 ru.nic.httpfop.transform.FopTransformer - Getting page count
INFO 2014-01-03 04:51:23,056 qtp896693169-17 ru.nic.httpfop.transform.FopTransformer - putProperty 'pageCount'='1'
INFO 2014-01-03 04:51:23,056 qtp896693169-17 ru.nic.httpfop.transform.FopTransformer - Page count = 1
INFO 2014-01-03 04:51:23,056 qtp896693169-17 ru.nic.httpfop.transform.FopTransformer - Second run
INFO 2014-01-03 04:51:23,056 qtp896693169-17 ru.nic.httpfop.transform.FopTransformer - Factory
INFO 2014-01-03 04:51:23,070 qtp896693169-17 ru.nic.httpfop.transform.FopTransformer - XSL stream source
INFO 2014-01-03 04:51:23,087 qtp896693169-17 ru.nic.httpfop.transform.FopTransformer - XML stream source
INFO 2014-01-03 04:51:23,087 qtp896693169-17 ru.nic.httpfop.transform.FopTransformer - Transform
INFO 2014-01-03 04:51:23,160 qtp896693169-17 ru.nic.httpfop.transform.FopTransformer - Closing XSL stream source
INFO 2014-01-03 04:51:23,160 qtp896693169-17 ru.nic.httpfop.transform.FopTransformer - Closing XML stream source
INFO 2014-01-03 04:51:23,160 qtp896693169-17 ru.nic.httpfop.transform.FopTransformer - Getting page count
INFO 2014-01-03 04:51:23,160 qtp896693169-17 ru.nic.httpfop.transform.FopTransformer - putProperty 'pageCount'='1'
INFO 2014-01-03 04:51:23,160 qtp896693169-17 ru.nic.httpfop.transform.FopTransformer - Page count = 1
INFO 2014-01-03 04:51:23,160 qtp896693169-17 ru.nic.httpfop.transform.FopTransformer - fop Done
INFO 2014-01-03 04:51:23,160 qtp896693169-17 ru.nic.httpfop.FOListenerServlet - Getting page count
INFO 2014-01-03 04:51:23,160 qtp896693169-17 ru.nic.httpfop.FOListenerServlet - Send reply headers
INFO 2014-01-03 04:51:23,160 qtp896693169-17 ru.nic.httpfop.FOListenerServlet - Send reply
INFO 2014-01-03 04:51:23,161 qtp896693169-17 ru.nic.httpfop.FOListenerServlet - Save reply to file
INFO 2014-01-03 04:51:23,161 qtp896693169-17 ru.nic.httpfop.FOListenerServlet - Closing streams
INFO 2014-01-03 04:51:23,161 qtp896693169-17 ru.nic.httpfop.FOListenerServlet - End request
INFO 2014-01-04 17:38:23,627 qtp896693169-18 ru.nic.httpfop.FOListenerServlet - Got request
INFO 2014-01-04 17:38:23,627 qtp896693169-18 ru.nic.httpfop.FOListenerServlet - xRequestId: 1388853503627@127.0.0.1_54412
INFO 2014-01-04 17:38:23,627 qtp896693169-18 ru.nic.httpfop.FOListenerServlet - Searching for XML
INFO 2014-01-04 17:38:23,628 qtp896693169-18 ru.nic.httpfop.FOListenerServlet - Found in multipart body, sub content name: xml
INFO 2014-01-04 17:38:23,628 qtp896693169-18 ru.nic.httpfop.FOListenerServlet - XML found. Searching for XSL
INFO 2014-01-04 17:38:23,628 qtp896693169-18 ru.nic.httpfop.FOListenerServlet - Found in multipart body, sub content name: xml-xsl
INFO 2014-01-04 17:38:23,628 qtp896693169-18 ru.nic.httpfop.FOListenerServlet - Accept: application/pdf
INFO 2014-01-04 17:38:23,629 qtp896693169-18 ru.nic.httpfop.FOListenerServlet - XML size 2632
INFO 2014-01-04 17:38:23,629 qtp896693169-18 ru.nic.httpfop.FOListenerServlet - XML 
<?xml version="1.0" encoding="UTF-8"?>
<document type="invoice" lang="ru_RU">
	<info>
		<number>WEB-114616</number>
		<date>30.12.2013</date>
		<status></status>
		<payment><name>Оплата наличными, при получении</name><value/></payment>
		<shipping>
			<type></type>
			<label></label>
			<tracking></tracking>
		</shipping>
	</info>
    <company>
        <info>
            <logo></logo>
            <name><p>ВИЛПАК, OOO</p>
</name>
            <slogan><p>Официальный дистрибьютор компании Wheelpak Co., Ltd. (Korea) в России</p>
</slogan>
            <site><p>www.wheelpak.com</p>
</site>
            <address><p>(юридический адрес): Москва, Хомутовский туп., дом 6, стр. 3, ООО ВИЛПАК.</p>
</address>
            <phone><p>+7 499 390-71-12; +7 926 345-22-47</p>
</phone>
            <email><p>com@wheelpak.com</p>
</email>
        </info>
    </company>
    <customer>
        <name>Адрей </name>
        <email>andrey@wheelpak.com</email>
        <phone>+79263777089</phone>
        <address>тест</address>
    </customer>
    <recipient>
        <name>Адрей </name>
        <email>andrey@wheelpak.com</email>
        <phone>+79263777089</phone>
        <address>тест</address>
    </recipient>
    <notes>
		<customer>Это тестовый заказ</customer>
		<personal><p>Спасибо за покупку! </p>
</personal>
		<conditions><p>Нашу продукцию вы можете вернуть  в течении 14 дней, если она останется не ношенной, не стиранной, так-же сохранив все приложенные этикетки, элементы упаковки и саму упаковку.</p>
</conditions>
	</notes>
    <items><item><sku>12345</sku><name>Школьный ранец &#8211; рюкзак &#8220;Wheelpak&#8221; CRUZE pink на роликовых колесиках (Copy)</name><qty>1</qty><meta><dl class="variation"></dl></meta><price>7000&#160;&#1088;&#1091;&#1073;</price><single_price>7000&#160;&#1088;&#1091;&#1073;</single_price><weight><value></value><unit>кг</unit></weight></item></items>
	<totals><total><name>Стоимость товаров</name><value>7000&#160;&#1088;&#1091;&#1073;</value></total><total><name>Доставка</name><value>&#160;Курьером по Подмосковью (до 15 км от МКАД):  550&#160;&#1088;&#1091;&#1073;</value></total><total><name>Итого</name><value>7550&#160;&#1088;&#1091;&#1073;</value></total></totals>
</document>

INFO 2014-01-04 17:38:23,630 qtp896693169-18 ru.nic.httpfop.FOListenerServlet - Searching intraction 'doCyrillicTages'
INFO 2014-01-04 17:38:23,631 qtp896693169-18 ru.nic.httpfop.FOListenerServlet - Searching intraction 'fo'
INFO 2014-01-04 17:38:23,631 qtp896693169-18 ru.nic.httpfop.FOListenerServlet - XML found true; XSL found true; FO found false
INFO 2014-01-04 17:38:23,631 qtp896693169-18 ru.nic.httpfop.FOListenerServlet - Getting transformer object
INFO 2014-01-04 17:38:23,631 qtp896693169-18 ru.nic.httpfop.transform.XMLTransformerFactory - Instantiating transformer requestedOutputFormat=application/pdf class=ru.nic.httpfop.transform.FopTransformer mimeType=application/pdf
INFO 2014-01-04 17:38:23,631 qtp896693169-18 ru.nic.httpfop.FOListenerServlet - Start transform
INFO 2014-01-04 17:38:23,631 qtp896693169-18 ru.nic.httpfop.transform.FopTransformer - Loading input xml & xsl
INFO 2014-01-04 17:38:23,631 qtp896693169-18 ru.nic.httpfop.transform.FopTransformer - xml: 2632 bytes
INFO 2014-01-04 17:38:23,631 qtp896693169-18 ru.nic.httpfop.transform.FopTransformer - xsl: 21859 bytes
INFO 2014-01-04 17:38:23,631 qtp896693169-18 ru.nic.httpfop.transform.FopTransformer - fop Transforming...
INFO 2014-01-04 17:38:23,631 qtp896693169-18 ru.nic.httpfop.transform.FopTransformer - Factory
INFO 2014-01-04 17:38:23,646 qtp896693169-18 ru.nic.httpfop.transform.FopTransformer - XSL stream source
INFO 2014-01-04 17:38:23,664 qtp896693169-18 ru.nic.httpfop.transform.FopTransformer - XML stream source
INFO 2014-01-04 17:38:23,664 qtp896693169-18 ru.nic.httpfop.transform.FopTransformer - Transform
INFO 2014-01-04 17:38:23,736 qtp896693169-18 ru.nic.httpfop.transform.FopTransformer - Closing XSL stream source
INFO 2014-01-04 17:38:23,736 qtp896693169-18 ru.nic.httpfop.transform.FopTransformer - Closing XML stream source
INFO 2014-01-04 17:38:23,736 qtp896693169-18 ru.nic.httpfop.transform.FopTransformer - Getting page count
INFO 2014-01-04 17:38:23,736 qtp896693169-18 ru.nic.httpfop.transform.FopTransformer - putProperty 'pageCount'='1'
INFO 2014-01-04 17:38:23,736 qtp896693169-18 ru.nic.httpfop.transform.FopTransformer - Page count = 1
INFO 2014-01-04 17:38:23,736 qtp896693169-18 ru.nic.httpfop.transform.FopTransformer - Second run
INFO 2014-01-04 17:38:23,736 qtp896693169-18 ru.nic.httpfop.transform.FopTransformer - Factory
INFO 2014-01-04 17:38:23,753 qtp896693169-18 ru.nic.httpfop.transform.FopTransformer - XSL stream source
INFO 2014-01-04 17:38:23,768 qtp896693169-18 ru.nic.httpfop.transform.FopTransformer - XML stream source
INFO 2014-01-04 17:38:23,768 qtp896693169-18 ru.nic.httpfop.transform.FopTransformer - Transform
INFO 2014-01-04 17:38:23,841 qtp896693169-18 ru.nic.httpfop.transform.FopTransformer - Closing XSL stream source
INFO 2014-01-04 17:38:23,841 qtp896693169-18 ru.nic.httpfop.transform.FopTransformer - Closing XML stream source
INFO 2014-01-04 17:38:23,841 qtp896693169-18 ru.nic.httpfop.transform.FopTransformer - Getting page count
INFO 2014-01-04 17:38:23,841 qtp896693169-18 ru.nic.httpfop.transform.FopTransformer - putProperty 'pageCount'='1'
INFO 2014-01-04 17:38:23,841 qtp896693169-18 ru.nic.httpfop.transform.FopTransformer - Page count = 1
INFO 2014-01-04 17:38:23,841 qtp896693169-18 ru.nic.httpfop.transform.FopTransformer - fop Done
INFO 2014-01-04 17:38:23,841 qtp896693169-18 ru.nic.httpfop.FOListenerServlet - Getting page count
INFO 2014-01-04 17:38:23,841 qtp896693169-18 ru.nic.httpfop.FOListenerServlet - Send reply headers
INFO 2014-01-04 17:38:23,841 qtp896693169-18 ru.nic.httpfop.FOListenerServlet - Send reply
INFO 2014-01-04 17:38:23,842 qtp896693169-18 ru.nic.httpfop.FOListenerServlet - Save reply to file
INFO 2014-01-04 17:38:23,842 qtp896693169-18 ru.nic.httpfop.FOListenerServlet - Closing streams
INFO 2014-01-04 17:38:23,842 qtp896693169-18 ru.nic.httpfop.FOListenerServlet - End request
